<?xml version="1.0" encoding="UTF-8"?>
<!-- Generated by org.testng.reporters.JUnitXMLReporter -->
<testsuite ignored="9" hostname="DESKTOP-GEA9L1T" failures="1" tests="1" name="Default test" time="59.748" errors="0" timestamp="2024-01-29T17:58:44 IST">
  <testcase classname="features.contactInsights.FilterContactFeature" name="theUserCanSelectAllFilterConditionsInTheFilterContactsDialog" time="58.057">
    <failure type="org.openqa.selenium.NoSuchElementException" message="Dropdown option not found: AQAFirstName
For documentation on this error, please visit: https://www.seleniumhq.org/exceptions/no_such_element.html
Build info: version: &amp;apos;3.141.59&amp;apos;, revision: &amp;apos;e82be7d358&amp;apos;, time: &amp;apos;2018-11-14T08:17:03&amp;apos;
System info: host: &amp;apos;DESKTOP-GEA9L1T&amp;apos;, ip: &amp;apos;192.168.3.249&amp;apos;, os.name: &amp;apos;Windows 10&amp;apos;, os.arch: &amp;apos;amd64&amp;apos;, os.version: &amp;apos;10.0&amp;apos;, java.version: &amp;apos;17.0.8.1&amp;apos;
Driver info: driver.version: unknown">
      <![CDATA[org.openqa.selenium.NoSuchElementException: Dropdown option not found: AQAFirstName
For documentation on this error, please visit: https://www.seleniumhq.org/exceptions/no_such_element.html
Build info: version: '3.141.59', revision: 'e82be7d358', time: '2018-11-14T08:17:03'
System info: host: 'DESKTOP-GEA9L1T', ip: '192.168.3.249', os.name: 'Windows 10', os.arch: 'amd64', os.version: '10.0', java.version: '17.0.8.1'
Driver info: driver.version: unknown
at pages.contactInsights.FilterContactsDialogPo.selectCheckboxByStatusAndOptionName(FilterContactsDialogPo.java:147)
at steps.contactInsights.FilterContactsDialogSteps.whenTheUserChecksUnchecksTheCheckboxInTheOptionInTheExpandedDropdownInTheFilterDialog(FilterContactsDialogSteps.java:30)
at features.contactInsights.FilterContactFeature.theUserCanSelectAllFilterConditionsInTheFilterContactsDialog(FilterContactFeature.java:229)
at java.base/jdk.internal.reflect.NativeMethodAccessorImpl.invoke0(Native Method)
at java.base/jdk.internal.reflect.NativeMethodAccessorImpl.invoke(NativeMethodAccessorImpl.java:77)
at java.base/jdk.internal.reflect.DelegatingMethodAccessorImpl.invoke(DelegatingMethodAccessorImpl.java:43)
at java.base/java.lang.reflect.Method.invoke(Method.java:568)
at org.testng.internal.MethodInvocationHelper.invokeMethod(MethodInvocationHelper.java:133)
at org.testng.internal.TestInvoker.invokeMethod(TestInvoker.java:598)
at org.testng.internal.TestInvoker.invokeTestMethod(TestInvoker.java:173)
at org.testng.internal.MethodRunner.runInSequence(MethodRunner.java:46)
at org.testng.internal.TestInvoker$MethodInvocationAgent.invoke(TestInvoker.java:824)
at org.testng.internal.TestInvoker.invokeTestMethods(TestInvoker.java:146)
at org.testng.internal.TestMethodWorker.invokeTestMethods(TestMethodWorker.java:146)
at org.testng.internal.TestMethodWorker.run(TestMethodWorker.java:128)
at java.base/java.util.ArrayList.forEach(ArrayList.java:1511)
at org.testng.TestRunner.privateRun(TestRunner.java:794)
at org.testng.TestRunner.run(TestRunner.java:596)
at org.testng.SuiteRunner.runTest(SuiteRunner.java:377)
at org.testng.SuiteRunner.runSequentially(SuiteRunner.java:371)
at org.testng.SuiteRunner.privateRun(SuiteRunner.java:332)
at org.testng.SuiteRunner.run(SuiteRunner.java:276)
at org.testng.SuiteRunnerWorker.runSuite(SuiteRunnerWorker.java:53)
at org.testng.SuiteRunnerWorker.run(SuiteRunnerWorker.java:96)
at org.testng.TestNG.runSuitesSequentially(TestNG.java:1212)
at org.testng.TestNG.runSuitesLocally(TestNG.java:1134)
at org.testng.TestNG.runSuites(TestNG.java:1063)
at org.testng.TestNG.run(TestNG.java:1031)
at org.testng.remote.AbstractRemoteTestNG.run(AbstractRemoteTestNG.java:115)
at org.testng.remote.RemoteTestNG.initAndRun(RemoteTestNG.java:251)
at org.testng.remote.RemoteTestNG.main(RemoteTestNG.java:77)
]]>
    </failure>
  </testcase> <!-- theUserCanSelectAllFilterConditionsInTheFilterContactsDialog -->
  <testcase classname="features.contactInsights.FilterContactFeature" name="theUserCanFilterContactsByFirstNameBasedOnASpecificCondition" time="0.0">
    <ignored/>
  </testcase> <!-- theUserCanFilterContactsByFirstNameBasedOnASpecificCondition -->
  <testcase classname="features.contactInsights.FilterContactFeature" name="theUserCanSeeUnselectedDefaultOptionsInAllDropdownsInTheFilterContactsDialog" time="0.0">
    <ignored/>
  </testcase> <!-- theUserCanSeeUnselectedDefaultOptionsInAllDropdownsInTheFilterContactsDialog -->
  <testcase classname="features.contactInsights.FilterContactFeature" name="theUserCanCloseFilterContactsDialogueByClickingTheCloseButton" time="0.0">
    <ignored/>
  </testcase> <!-- theUserCanCloseFilterContactsDialogueByClickingTheCloseButton -->
  <testcase classname="features.contactInsights.FilterContactFeature" name="theUserCanCloseFilterContactsDialogueByClickingOutsideTheDialog" time="0.0">
    <ignored/>
  </testcase> <!-- theUserCanCloseFilterContactsDialogueByClickingOutsideTheDialog -->
  <testcase classname="features.contactInsights.FilterContactFeature" name="testUserCanSeeFilterOptionOnContactInsightsPage" time="0.0">
    <ignored/>
  </testcase> <!-- testUserCanSeeFilterOptionOnContactInsightsPage -->
  <testcase classname="features.contactInsights.FilterContactFeature" name="theUserCanSeeTheFilterColumnsAfterClickingTheFilterButtonOnTheContactInsightsPage" time="0.0">
    <ignored/>
  </testcase> <!-- theUserCanSeeTheFilterColumnsAfterClickingTheFilterButtonOnTheContactInsightsPage -->
  <testcase classname="features.contactInsights.FilterContactFeature" name="TheUserCanSeeTheContactFilterDialogByClickingTheFilterButton" time="0.0">
    <ignored/>
  </testcase> <!-- TheUserCanSeeTheContactFilterDialogByClickingTheFilterButton -->
  <testcase classname="features.contactInsights.FilterContactFeature" name="theUserCanSeeAPlaceholderForEachFilterDropdownInTheFilterContactsDialog" time="0.0">
    <ignored/>
  </testcase> <!-- theUserCanSeeAPlaceholderForEachFilterDropdownInTheFilterContactsDialog -->
  <testcase classname="features.contactInsights.FilterContactFeature" name="theUserCanDeleteFilteringConditionsInTheFilterContactsDialog" time="0.0">
    <ignored/>
  </testcase> <!-- theUserCanDeleteFilteringConditionsInTheFilterContactsDialog -->
</testsuite> <!-- Default test -->
