<?xml version="1.0" encoding="UTF-8"?>
<!-- Generated by org.testng.reporters.JUnitXMLReporter -->
<testsuite ignored="7" hostname="DESKTOP-MC7UQM0" failures="0" tests="1" name="Default test" time="191.679" errors="0" timestamp="2024-01-29T13:00:51 IST">
  <testcase classname="features.contactInsights.FilterContactFeature" name="theUserCanSeeAPlaceholderForEachFilterDropdownInTheFilterContactsDialog" time="189.862"/>
  <testcase classname="features.contactInsights.FilterContactFeature" name="theUserCanFilterContactsByFirstNameBasedOnASpecificCondition" time="0.0">
    <ignored/>
  </testcase> <!-- theUserCanFilterContactsByFirstNameBasedOnASpecificCondition -->
  <testcase classname="features.contactInsights.FilterContactFeature" name="theUserCanSelectAllFilterConditionsInTheFilterContactsDialog" time="0.0">
    <ignored/>
  </testcase> <!-- theUserCanSelectAllFilterConditionsInTheFilterContactsDialog -->
  <testcase classname="features.contactInsights.FilterContactFeature" name="TheUserCanSeeTheContactFilterDialogByClickingTheFilterButton" time="0.0">
    <ignored/>
  </testcase> <!-- TheUserCanSeeTheContactFilterDialogByClickingTheFilterButton -->
  <testcase classname="features.contactInsights.FilterContactFeature" name="theUserCanCloseFilterContactsDialogueByClickingOutsideTheDialog" time="0.0">
    <ignored/>
  </testcase> <!-- theUserCanCloseFilterContactsDialogueByClickingOutsideTheDialog -->
  <testcase classname="features.contactInsights.FilterContactFeature" name="theUserCanDeleteFilteringConditionsInTheFilterContactsDialog" time="0.0">
    <ignored/>
  </testcase> <!-- theUserCanDeleteFilteringConditionsInTheFilterContactsDialog -->
  <testcase classname="features.contactInsights.FilterContactFeature" name="theUserCanCloseFilterContactsDialogueByClickingTheCloseButton" time="0.0">
    <ignored/>
  </testcase> <!-- theUserCanCloseFilterContactsDialogueByClickingTheCloseButton -->
  <testcase classname="features.contactInsights.FilterContactFeature" name="testUserCanSeeFilterOptionOnContactInsightsPage" time="0.0">
    <ignored/>
  </testcase> <!-- testUserCanSeeFilterOptionOnContactInsightsPage -->
</testsuite> <!-- Default test -->
