<?xml version="1.0" encoding="UTF-8"?>
<testng-results ignored="0" total="1" passed="1" failed="0" skipped="0">
  <reporter-output>
  </reporter-output>
  <suite started-at="2024-01-08T16:04:55 IST" name="Default suite" finished-at="2024-01-08T16:05:28 IST" duration-ms="32617">
    <groups>
    </groups>
    <test started-at="2024-01-08T16:04:55 IST" name="Default test" finished-at="2024-01-08T16:05:28 IST" duration-ms="32617">
      <class name="com.testcase.WaymorePageLogin">
        <test-method is-config="true" signature="launchWebsite()[pri:0, instance:com.testcase.WaymorePageLogin@55183b20]" started-at="2024-01-08T16:04:55 IST" name="launchWebsite" finished-at="2024-01-08T16:04:56 IST" duration-ms="1359" status="PASS">
          <reporter-output>
          </reporter-output>
        </test-method> <!-- launchWebsite -->
        <test-method signature="Login()[pri:0, instance:com.testcase.WaymorePageLogin@55183b20]" started-at="2024-01-08T16:04:56 IST" name="Login" description="Getting Started with Waymore Pages" finished-at="2024-01-08T16:05:28 IST" duration-ms="31228" status="PASS">
          <reporter-output>
          </reporter-output>
        </test-method> <!-- Login -->
      </class> <!-- com.testcase.WaymorePageLogin -->
    </test> <!-- Default test -->
  </suite> <!-- Default suite -->
</testng-results>
