<?xml version="1.0" encoding="UTF-8"?>
<testng-results ignored="9" total="10" passed="0" failed="1" skipped="0">
  <reporter-output>
  </reporter-output>
  <suite started-at="2024-01-29T17:57:44 IST" name="Default suite" finished-at="2024-01-29T17:58:44 IST" duration-ms="59748">
    <groups>
    </groups>
    <test started-at="2024-01-29T17:57:44 IST" name="Default test" finished-at="2024-01-29T17:58:44 IST" duration-ms="59748">
      <class name="features.contactInsights.FilterContactFeature">
        <test-method is-config="true" signature="launchWebsite()[pri:0, instance:features.contactInsights.FilterContactFeature@58cbafc2]" started-at="2024-01-29T17:57:44 IST" name="launchWebsite" finished-at="2024-01-29T17:57:45 IST" duration-ms="1507" status="PASS">
          <reporter-output>
          </reporter-output>
        </test-method> <!-- launchWebsite -->
        <test-method signature="theUserCanSelectAllFilterConditionsInTheFilterContactsDialog()[pri:0, instance:features.contactInsights.FilterContactFeature@58cbafc2]" started-at="2024-01-29T17:57:45 IST" name="theUserCanSelectAllFilterConditionsInTheFilterContactsDialog" description="@ALW-35814 @TR-35814 @Regression
  Scenario: The user can select all filter conditions in the Filter Contacts dialog" finished-at="2024-01-29T17:58:44 IST" duration-ms="58057" status="FAIL">
          <exception class="org.openqa.selenium.NoSuchElementException">
            <message>
              <![CDATA[Dropdown option not found: AQAFirstName
For documentation on this error, please visit: https://www.seleniumhq.org/exceptions/no_such_element.html
Build info: version: '3.141.59', revision: 'e82be7d358', time: '2018-11-14T08:17:03'
System info: host: 'DESKTOP-GEA9L1T', ip: '192.168.3.249', os.name: 'Windows 10', os.arch: 'amd64', os.version: '10.0', java.version: '17.0.8.1'
Driver info: driver.version: unknown]]>
            </message>
            <full-stacktrace>
              <![CDATA[org.openqa.selenium.NoSuchElementException: Dropdown option not found: AQAFirstName
For documentation on this error, please visit: https://www.seleniumhq.org/exceptions/no_such_element.html
Build info: version: '3.141.59', revision: 'e82be7d358', time: '2018-11-14T08:17:03'
System info: host: 'DESKTOP-GEA9L1T', ip: '192.168.3.249', os.name: 'Windows 10', os.arch: 'amd64', os.version: '10.0', java.version: '17.0.8.1'
Driver info: driver.version: unknown
at pages.contactInsights.FilterContactsDialogPo.selectCheckboxByStatusAndOptionName(FilterContactsDialogPo.java:147)
at steps.contactInsights.FilterContactsDialogSteps.whenTheUserChecksUnchecksTheCheckboxInTheOptionInTheExpandedDropdownInTheFilterDialog(FilterContactsDialogSteps.java:30)
at features.contactInsights.FilterContactFeature.theUserCanSelectAllFilterConditionsInTheFilterContactsDialog(FilterContactFeature.java:229)
at java.base/jdk.internal.reflect.NativeMethodAccessorImpl.invoke0(Native Method)
at java.base/jdk.internal.reflect.NativeMethodAccessorImpl.invoke(NativeMethodAccessorImpl.java:77)
at java.base/jdk.internal.reflect.DelegatingMethodAccessorImpl.invoke(DelegatingMethodAccessorImpl.java:43)
at java.base/java.lang.reflect.Method.invoke(Method.java:568)
at org.testng.internal.MethodInvocationHelper.invokeMethod(MethodInvocationHelper.java:133)
at org.testng.internal.TestInvoker.invokeMethod(TestInvoker.java:598)
at org.testng.internal.TestInvoker.invokeTestMethod(TestInvoker.java:173)
at org.testng.internal.MethodRunner.runInSequence(MethodRunner.java:46)
at org.testng.internal.TestInvoker$MethodInvocationAgent.invoke(TestInvoker.java:824)
at org.testng.internal.TestInvoker.invokeTestMethods(TestInvoker.java:146)
at org.testng.internal.TestMethodWorker.invokeTestMethods(TestMethodWorker.java:146)
at org.testng.internal.TestMethodWorker.run(TestMethodWorker.java:128)
at java.base/java.util.ArrayList.forEach(ArrayList.java:1511)
at org.testng.TestRunner.privateRun(TestRunner.java:794)
at org.testng.TestRunner.run(TestRunner.java:596)
at org.testng.SuiteRunner.runTest(SuiteRunner.java:377)
at org.testng.SuiteRunner.runSequentially(SuiteRunner.java:371)
at org.testng.SuiteRunner.privateRun(SuiteRunner.java:332)
at org.testng.SuiteRunner.run(SuiteRunner.java:276)
at org.testng.SuiteRunnerWorker.runSuite(SuiteRunnerWorker.java:53)
at org.testng.SuiteRunnerWorker.run(SuiteRunnerWorker.java:96)
at org.testng.TestNG.runSuitesSequentially(TestNG.java:1212)
at org.testng.TestNG.runSuitesLocally(TestNG.java:1134)
at org.testng.TestNG.runSuites(TestNG.java:1063)
at org.testng.TestNG.run(TestNG.java:1031)
at org.testng.remote.AbstractRemoteTestNG.run(AbstractRemoteTestNG.java:115)
at org.testng.remote.RemoteTestNG.initAndRun(RemoteTestNG.java:251)
at org.testng.remote.RemoteTestNG.main(RemoteTestNG.java:77)
]]>
            </full-stacktrace>
          </exception> <!-- org.openqa.selenium.NoSuchElementException -->
          <reporter-output>
          </reporter-output>
        </test-method> <!-- theUserCanSelectAllFilterConditionsInTheFilterContactsDialog -->
        <test-method is-config="true" signature="tearDown()[pri:0, instance:features.contactInsights.FilterContactFeature@58cbafc2]" started-at="2024-01-29T17:58:44 IST" name="tearDown" finished-at="2024-01-29T17:58:44 IST" duration-ms="157" status="PASS">
          <reporter-output>
          </reporter-output>
        </test-method> <!-- tearDown -->
      </class> <!-- features.contactInsights.FilterContactFeature -->
    </test> <!-- Default test -->
  </suite> <!-- Default suite -->
</testng-results>
